TN:
SF:/usr/include/c++/7/iostream
DA:74,1
LF:1
LH:1
end_of_record
SF:/home/kpit/KPIT_Training/C++/virtual_functions.cpp
FN:8,_ZN7PolygonC2Ei
FN:12,_ZN7Polygon7displayEv
FN:16,_ZN7Polygon4areaEv
FN:21,_ZN7Polygon9perimeterEv
FN:33,_ZN8TriangleC2Eiii
FN:37,_ZN8Triangle7displayEv
FN:41,_ZN8Triangle4areaEv
FN:46,_ZN8Triangle9perimeterEv
FN:73,main
FN:91,_GLOBAL__sub_I_main
FN:91,_Z41__static_initialization_and_destruction_0ii
FNDA:1,_ZN7PolygonC2Ei
FNDA:0,_ZN7Polygon7displayEv
FNDA:0,_ZN7Polygon4areaEv
FNDA:0,_ZN7Polygon9perimeterEv
FNDA:1,_ZN8TriangleC2Eiii
FNDA:1,_ZN8Triangle7displayEv
FNDA:0,_ZN8Triangle4areaEv
FNDA:0,_ZN8Triangle9perimeterEv
FNDA:1,main
FNDA:1,_GLOBAL__sub_I_main
FNDA:1,_Z41__static_initialization_and_destruction_0ii
FNF:11
FNH:6
DA:8,1
DA:11,1
DA:12,0
DA:14,0
DA:15,0
DA:16,0
DA:19,0
DA:21,0
DA:24,0
DA:33,1
DA:36,1
DA:37,1
DA:39,1
DA:40,1
DA:41,0
DA:43,0
DA:44,0
DA:46,0
DA:48,0
DA:73,1
DA:78,1
DA:82,1
DA:88,1
DA:90,1
DA:91,3
LF:25
LH:13
end_of_record
